0 info it worked if it ends with ok
1 verbose cli [ 'C:\\Program Files\\nodejs\\node.exe',
1 verbose cli   'C:\\Program Files\\nodejs\\node_modules\\npm\\bin\\npm-cli.js',
1 verbose cli   'start' ]
2 info using npm@3.10.10
3 info using node@v6.10.0
4 verbose run-script [ 'prestart', 'start', 'poststart' ]
5 info lifecycle react-app-boilerplate@0.1.4~prestart: react-app-boilerplate@0.1.4
6 silly lifecycle react-app-boilerplate@0.1.4~prestart: no script for prestart, continuing
7 info lifecycle react-app-boilerplate@0.1.4~start: react-app-boilerplate@0.1.4
8 verbose lifecycle react-app-boilerplate@0.1.4~start: unsafe-perm in lifecycle true
9 verbose lifecycle react-app-boilerplate@0.1.4~start: PATH: C:\Program Files\nodejs\node_modules\npm\bin\node-gyp-bin;C:\prywatne\sdc-boilerplate\boilerplate\node_modules\.bin;C:\Program Files\Docker\Docker\Resources\bin;C:\Program Files (x86)\IBM\WebSphere MQ\java\lib;C:\Program Files (x86)\IBM\WebSphere MQ\java\lib64;"C:\Program Files\Java\jdk1.8.0_101\bin";C:\Program Files\Java\jdk1.7.0_40\bin;C:\ProgramData\Oracle\Java\javapath;C:\WINDOWS\system32;C:\WINDOWS;C:\WINDOWS\System32\Wbem;C:\WINDOWS\System32\WindowsPowerShell\v1.0\;C:\Program Files\TortoiseGit\bin;C:\Program Files\Git\cmd;C:\Program Files\TortoiseSVN\bin;C:\Prg\cygwin\bin;C:\maven\apache-maven-3.0.5\bin;C:\Program Files (x86)\PuTTY\;C:\Program Files (x86)\IBM\WebSphere MQ\bin64;C:\Program Files (x86)\IBM\WebSphere MQ\bin;C:\Program Files (x86)\IBM\WebSphere MQ\tools\c\samples\bin;C:\PROGRA~1\IBM\SQLLIB\BIN;C:\PROGRA~1\IBM\SQLLIB\FUNCTION;C:\Program Files (x86)\Skype\Phone\;C:\Program Files\nodejs\;C:\Users\fRadziejewski\AppData\Local\atom\bin;C:\Users\fRadziejewski\AppData\Roaming\npm
10 verbose lifecycle react-app-boilerplate@0.1.4~start: CWD: C:\prywatne\sdc-boilerplate\boilerplate
11 silly lifecycle react-app-boilerplate@0.1.4~start: Args: [ '/d /s /c', 'webpack-dev-server --progress --port 8880' ]
12 silly lifecycle react-app-boilerplate@0.1.4~start: Returned: code: 3221225786  signal: null
13 info lifecycle react-app-boilerplate@0.1.4~start: Failed to exec start script
14 verbose stack Error: react-app-boilerplate@0.1.4 start: `webpack-dev-server --progress --port 8880`
14 verbose stack Exit status 3221225786
14 verbose stack     at EventEmitter.<anonymous> (C:\Program Files\nodejs\node_modules\npm\lib\utils\lifecycle.js:255:16)
14 verbose stack     at emitTwo (events.js:106:13)
14 verbose stack     at EventEmitter.emit (events.js:191:7)
14 verbose stack     at ChildProcess.<anonymous> (C:\Program Files\nodejs\node_modules\npm\lib\utils\spawn.js:40:14)
14 verbose stack     at emitTwo (events.js:106:13)
14 verbose stack     at ChildProcess.emit (events.js:191:7)
14 verbose stack     at maybeClose (internal/child_process.js:877:16)
14 verbose stack     at Process.ChildProcess._handle.onexit (internal/child_process.js:226:5)
15 verbose pkgid react-app-boilerplate@0.1.4
16 verbose cwd C:\prywatne\sdc-boilerplate\boilerplate\app
17 error Windows_NT 10.0.10586
18 error argv "C:\\Program Files\\nodejs\\node.exe" "C:\\Program Files\\nodejs\\node_modules\\npm\\bin\\npm-cli.js" "start"
19 error node v6.10.0
20 error npm  v3.10.10
21 error code ELIFECYCLE
22 error react-app-boilerplate@0.1.4 start: `webpack-dev-server --progress --port 8880`
22 error Exit status 3221225786
23 error Failed at the react-app-boilerplate@0.1.4 start script 'webpack-dev-server --progress --port 8880'.
23 error Make sure you have the latest version of node.js and npm installed.
23 error If you do, this is most likely a problem with the react-app-boilerplate package,
23 error not with npm itself.
23 error Tell the author that this fails on your system:
23 error     webpack-dev-server --progress --port 8880
23 error You can get information on how to open an issue for this project with:
23 error     npm bugs react-app-boilerplate
23 error Or if that isn't available, you can get their info via:
23 error     npm owner ls react-app-boilerplate
23 error There is likely additional logging output above.
24 verbose exit [ 1, true ]
